<?xml version="1.0" encoding="UTF-8"?>
<testng-results skipped="0" failed="0" ignored="0" total="2" passed="2">
  <reporter-output>
  </reporter-output>
  <suite name="Default suite" duration-ms="40734" started-at="2018-04-17T11:17:27Z" finished-at="2018-04-17T11:18:08Z">
    <groups>
    </groups>
    <test name="Default test" duration-ms="40734" started-at="2018-04-17T11:17:27Z" finished-at="2018-04-17T11:18:08Z">
      <class name="com.crm.qa.tests.HomePageTest">
        <test-method status="PASS" signature="setUp()[pri:0, instance:com.crm.qa.tests.HomePageTest@42e26948]" name="setUp" is-config="true" duration-ms="19536" started-at="2018-04-17T11:17:27Z" finished-at="2018-04-17T11:17:47Z">
          <reporter-output>
          </reporter-output>
        </test-method> <!-- setUp -->
        <test-method status="PASS" signature="verifyHomePageTitle()[pri:1, instance:com.crm.qa.tests.HomePageTest@42e26948]" name="verifyHomePageTitle" duration-ms="14" started-at="2018-04-17T11:17:47Z" finished-at="2018-04-17T11:17:47Z">
          <reporter-output>
          </reporter-output>
        </test-method> <!-- verifyHomePageTitle -->
        <test-method status="PASS" signature="tearDown()[pri:0, instance:com.crm.qa.tests.HomePageTest@42e26948]" name="tearDown" is-config="true" duration-ms="691" started-at="2018-04-17T11:17:47Z" finished-at="2018-04-17T11:17:47Z">
          <reporter-output>
          </reporter-output>
        </test-method> <!-- tearDown -->
        <test-method status="PASS" signature="setUp()[pri:0, instance:com.crm.qa.tests.HomePageTest@42e26948]" name="setUp" is-config="true" duration-ms="19498" started-at="2018-04-17T11:17:47Z" finished-at="2018-04-17T11:18:07Z">
          <reporter-output>
          </reporter-output>
        </test-method> <!-- setUp -->
        <test-method status="PASS" signature="VerifyUserNameTest()[pri:2, instance:com.crm.qa.tests.HomePageTest@42e26948]" name="VerifyUserNameTest" duration-ms="166" started-at="2018-04-17T11:18:07Z" finished-at="2018-04-17T11:18:07Z">
          <reporter-output>
          </reporter-output>
        </test-method> <!-- VerifyUserNameTest -->
        <test-method status="PASS" signature="tearDown()[pri:0, instance:com.crm.qa.tests.HomePageTest@42e26948]" name="tearDown" is-config="true" duration-ms="795" started-at="2018-04-17T11:18:07Z" finished-at="2018-04-17T11:18:08Z">
          <reporter-output>
          </reporter-output>
        </test-method> <!-- tearDown -->
      </class> <!-- com.crm.qa.tests.HomePageTest -->
    </test> <!-- Default test -->
  </suite> <!-- Default suite -->
</testng-results>
